[debug] [2022-10-20T14:39:49.904Z] ----------------------------------------------------------------------
[debug] [2022-10-20T14:39:49.906Z] Command:       C:\Program Files\nodejs\node.exe C:\Users\abolf\AppData\Roaming\npm\node_modules\firebase-tools\lib\bin\firebase.js init
[debug] [2022-10-20T14:39:49.907Z] CLI Version:   11.15.0
[debug] [2022-10-20T14:39:49.907Z] Platform:      win32
[debug] [2022-10-20T14:39:49.907Z] Node Version:  v18.1.0
[debug] [2022-10-20T14:39:49.908Z] Time:          Thu Oct 20 2022 18:09:49 GMT+0330 (Iran Standard Time)
[debug] [2022-10-20T14:39:49.909Z] ----------------------------------------------------------------------
[debug] 
[debug] [2022-10-20T14:39:49.913Z] >>> [apiv2][query] GET https://firebase-public.firebaseio.com/cli.json [none]
[debug] [2022-10-20T14:39:49.997Z] > command requires scopes: ["email","openid","https://www.googleapis.com/auth/cloudplatformprojects.readonly","https://www.googleapis.com/auth/firebase","https://www.googleapis.com/auth/cloud-platform"]
[debug] [2022-10-20T14:39:49.997Z] > authorizing via signed-in user (abolfazl.hadipour.2001@gmail.com)
[info] 
     ######## #### ########  ######## ########     ###     ######  ########
     ##        ##  ##     ## ##       ##     ##  ##   ##  ##       ##
     ######    ##  ########  ######   ########  #########  ######  ######
     ##        ##  ##    ##  ##       ##     ## ##     ##       ## ##
     ##       #### ##     ## ######## ########  ##     ##  ######  ########

You're about to initialize a Firebase project in this directory:

  C:\Users\abolf\OneDrive\Desktop\Projects\React_Quera\Shopino

[warn] !  Unable to fetch the CLI MOTD and remote config. 
[debug] [2022-10-20T14:40:11.135Z] Failed to fetch MOTD FirebaseError: Failed to make request to https://firebase-public.firebaseio.com/cli.json
