[debug] [2022-10-20T19:07:34.038Z] ----------------------------------------------------------------------
[debug] [2022-10-20T19:07:34.040Z] Command:       C:\Program Files\nodejs\node.exe C:\Users\abolf\AppData\Roaming\npm\node_modules\firebase-tools\lib\bin\firebase.js init
[debug] [2022-10-20T19:07:34.041Z] CLI Version:   11.15.0
[debug] [2022-10-20T19:07:34.041Z] Platform:      win32
[debug] [2022-10-20T19:07:34.041Z] Node Version:  v18.1.0
[debug] [2022-10-20T19:07:34.042Z] Time:          Thu Oct 20 2022 22:37:34 GMT+0330 (Iran Standard Time)
[debug] [2022-10-20T19:07:34.042Z] ----------------------------------------------------------------------
[debug] 
[debug] [2022-10-20T19:07:34.045Z] >>> [apiv2][query] GET https://firebase-public.firebaseio.com/cli.json [none]
[debug] [2022-10-20T19:07:34.131Z] > command requires scopes: ["email","openid","https://www.googleapis.com/auth/cloudplatformprojects.readonly","https://www.googleapis.com/auth/firebase","https://www.googleapis.com/auth/cloud-platform"]
[debug] [2022-10-20T19:07:34.131Z] > authorizing via signed-in user (abolfazl.hadipour.2001@gmail.com)
[info] 
     ######## #### ########  ######## ########     ###     ######  ########
     ##        ##  ##     ## ##       ##     ##  ##   ##  ##       ##
     ######    ##  ########  ######   ########  #########  ######  ######
     ##        ##  ##    ##  ##       ##     ## ##     ##       ## ##
     ##       #### ##     ## ######## ########  ##     ##  ######  ########

You're about to initialize a Firebase project in this directory:

  C:\Users\abolf\OneDrive\Desktop\Projects\React_Quera\Shopino\shopino

[info] 
=== Project Setup
[info] 
[info] First, let's associate this project directory with a Firebase project.
[info] You can create multiple project aliases by running firebase use --add, 
[info] but for now we'll just set up a default project.
[info] 
[debug] [2022-10-20T19:07:43.450Z] >>> [apiv2][query] GET https://firebase.googleapis.com/v1beta1/projects pageSize=100
[debug] [2022-10-20T19:07:43.781Z] <<< [apiv2][status] GET https://firebase.googleapis.com/v1beta1/projects 403
[debug] [2022-10-20T19:07:43.782Z] <<< [apiv2][body] GET https://firebase.googleapis.com/v1beta1/projects [omitted]
[debug] [2022-10-20T19:07:43.782Z] Unable to parse JSON: SyntaxError: Unexpected token < in JSON at position 0
[debug] [2022-10-20T19:07:44.171Z] FirebaseError: Unable to parse JSON: SyntaxError: Unexpected token < in JSON at position 0
    at RetryOperation._fn (C:\Users\abolf\AppData\Roaming\npm\node_modules\firebase-tools\lib\apiv2.js:260:39)
    at process.processTicksAndRejections (node:internal/process/task_queues:95:5)
[error] 
[error] Error: Failed to list Firebase projects. See firebase-debug.log for more info.
[debug] [2022-10-20T19:34:43.591Z] ----------------------------------------------------------------------
[debug] [2022-10-20T19:34:43.594Z] Command:       C:\Program Files\nodejs\node.exe C:\Users\abolf\AppData\Roaming\npm\node_modules\firebase-tools\lib\bin\firebase.js init
[debug] [2022-10-20T19:34:43.594Z] CLI Version:   11.15.0
[debug] [2022-10-20T19:34:43.594Z] Platform:      win32
[debug] [2022-10-20T19:34:43.594Z] Node Version:  v18.1.0
[debug] [2022-10-20T19:34:43.601Z] Time:          Thu Oct 20 2022 23:04:43 GMT+0330 (Iran Standard Time)
[debug] [2022-10-20T19:34:43.602Z] ----------------------------------------------------------------------
[debug] 
[debug] [2022-10-20T19:34:43.606Z] >>> [apiv2][query] GET https://firebase-public.firebaseio.com/cli.json [none]
[debug] [2022-10-20T19:34:43.708Z] > command requires scopes: ["email","openid","https://www.googleapis.com/auth/cloudplatformprojects.readonly","https://www.googleapis.com/auth/firebase","https://www.googleapis.com/auth/cloud-platform"]
[debug] [2022-10-20T19:34:43.708Z] > authorizing via signed-in user (abolfazl.hadipour.2001@gmail.com)
[info] 
     ######## #### ########  ######## ########     ###     ######  ########
     ##        ##  ##     ## ##       ##     ##  ##   ##  ##       ##
     ######    ##  ########  ######   ########  #########  ######  ######
     ##        ##  ##    ##  ##       ##     ## ##     ##       ## ##
     ##       #### ##     ## ######## ########  ##     ##  ######  ########

You're about to initialize a Firebase project in this directory:

  C:\Users\abolf\OneDrive\Desktop\Projects\React_Quera\Shopino\shopino

[debug] [2022-10-20T19:34:44.411Z] <<< [apiv2][status] GET https://firebase-public.firebaseio.com/cli.json 200
[debug] [2022-10-20T19:34:44.411Z] <<< [apiv2][body] GET https://firebase-public.firebaseio.com/cli.json {"cloudBuildErrorAfter":1594252800000,"cloudBuildWarnAfter":1590019200000,"defaultNode10After":1594252800000,"minVersion":"3.0.5","node8DeploysDisabledAfter":1613390400000,"node8RuntimeDisabledAfter":1615809600000,"node8WarnAfter":1600128000000}
[info] 
=== Project Setup
[info] 
[info] First, let's associate this project directory with a Firebase project.
[info] You can create multiple project aliases by running firebase use --add, 
[info] but for now we'll just set up a default project.
[info] 
[debug] [2022-10-20T19:34:51.208Z] >>> [apiv2][query] GET https://firebase.googleapis.com/v1beta1/projects pageSize=100
[debug] [2022-10-20T19:34:52.133Z] <<< [apiv2][status] GET https://firebase.googleapis.com/v1beta1/projects 200
[debug] [2022-10-20T19:34:52.133Z] <<< [apiv2][body] GET https://firebase.googleapis.com/v1beta1/projects [omitted]
[info] i  Using project shapino-fb458 (Shapino) 
[info] 
=== Hosting Setup
[info] 
[info] Your public directory is the folder (relative to your project directory) that
[info] will contain Hosting assets to be uploaded with firebase deploy. If you
[info] have a build process for your assets, use your build's output directory.
[info] 
[debug] [2022-10-20T20:04:27.806Z] >>> [apiv2][query] GET https://www.gstatic.com/firebasejs/releases.json [none]
[debug] [2022-10-20T20:04:28.390Z] <<< [apiv2][status] GET https://www.gstatic.com/firebasejs/releases.json 200
[debug] [2022-10-20T20:04:28.390Z] <<< [apiv2][body] GET https://www.gstatic.com/firebasejs/releases.json {"current":{"version":"9.12.1","browserURL":"https://www.gstatic.com/firebasejs/9.12.1/firebase.js","packageURL":"https://www.gstatic.com/firebasejs/9.12.1/firebase.tgz"},"live":{"version":"9.12","browserURL":"https://www.gstatic.com/firebasejs/live/9.12/firebase.js","packageURL":"https://www.gstatic.com/firebasejs/live/9.12/firebase.tgz"},"components":{"analytics":"https://www.gstatic.com/firebasejs/9.12.1/firebase-analytics.js","app":"https://www.gstatic.com/firebasejs/9.12.1/firebase-app.js","app-check":"https://www.gstatic.com/firebasejs/9.12.1/firebase-app-check.js","auth":"https://www.gstatic.com/firebasejs/9.12.1/firebase-auth.js","auth/cordova":"https://www.gstatic.com/firebasejs/9.12.1/firebase-auth/cordova.js","auth/react-native":"https://www.gstatic.com/firebasejs/9.12.1/firebase-auth/react-native.js","functions":"https://www.gstatic.com/firebasejs/9.12.1/firebase-functions.js","firestore":"https://www.gstatic.com/firebasejs/9.12.1/firebase-firestore.js","firestore/lite":"https://www.gstatic.com/firebasejs/9.12.1/firebase-firestore/lite.js","installations":"https://www.gstatic.com/firebasejs/9.12.1/firebase-installations.js","storage":"https://www.gstatic.com/firebasejs/9.12.1/firebase-storage.js","performance":"https://www.gstatic.com/firebasejs/9.12.1/firebase-performance.js","remote-config":"https://www.gstatic.com/firebasejs/9.12.1/firebase-remote-config.js","messaging":"https://www.gstatic.com/firebasejs/9.12.1/firebase-messaging.js","messaging/sw":"https://www.gstatic.com/firebasejs/9.12.1/firebase-messaging/sw.js","database":"https://www.gstatic.com/firebasejs/9.12.1/firebase-database.js","firestore.memory":"https://www.gstatic.com/firebasejs/9.12.1/firebase-firestore.memory.js"}}
[info] +  Wrote build/index.html 
[info] 
[info] i  Didn't detect a .git folder. Assuming C:\Users\abolf\OneDrive\Desktop\Projects\React_Quera\Shopino\shopino is the project root. 
[info] i  Authorizing with GitHub to upload your service account to a GitHub repository's secrets store. 
[info] 
[info] Visit this URL on this device to log in:
[info] https://github.com/login/oauth/authorize?client_id=89cf50f02ac6aaed3484&state=949812010&redirect_uri=http%3A%2F%2Flocalhost%3A9005&scope=read%3Auser%20repo%20public_repo
[info] 
[info] Waiting for authentication...
[debug] [2022-10-20T20:04:39.339Z] >>> [apiv2][query] POST https://github.com/login/oauth/access_token [none]
[debug] [2022-10-20T20:04:39.339Z] >>> [apiv2][body] POST https://github.com/login/oauth/access_token [stream]
[debug] [2022-10-20T20:04:40.355Z] <<< [apiv2][status] POST https://github.com/login/oauth/access_token 200
[debug] [2022-10-20T20:04:40.356Z] <<< [apiv2][body] POST https://github.com/login/oauth/access_token {"access_token":"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","token_type":"bearer","scope":"read:user,repo"}
[debug] [2022-10-20T20:04:40.368Z] >>> [apiv2][query] GET https://api.github.com/user [none]
[debug] [2022-10-20T20:04:40.925Z] <<< [apiv2][status] GET https://api.github.com/user 200
[debug] [2022-10-20T20:04:40.925Z] <<< [apiv2][body] GET https://api.github.com/user {"login":"AHP1380","id":93202783,"node_id":"U_kgDOBY4pXw","avatar_url":"https://avatars.githubusercontent.com/u/93202783?v=4","gravatar_id":"","url":"https://api.github.com/users/AHP1380","html_url":"https://github.com/AHP1380","followers_url":"https://api.github.com/users/AHP1380/followers","following_url":"https://api.github.com/users/AHP1380/following{/other_user}","gists_url":"https://api.github.com/users/AHP1380/gists{/gist_id}","starred_url":"https://api.github.com/users/AHP1380/starred{/owner}{/repo}","subscriptions_url":"https://api.github.com/users/AHP1380/subscriptions","organizations_url":"https://api.github.com/users/AHP1380/orgs","repos_url":"https://api.github.com/users/AHP1380/repos","events_url":"https://api.github.com/users/AHP1380/events{/privacy}","received_events_url":"https://api.github.com/users/AHP1380/received_events","type":"User","site_admin":false,"name":null,"company":null,"blog":"","location":null,"email":null,"hireable":null,"bio":null,"twitter_username":null,"public_repos":0,"public_gists":0,"followers":0,"following":0,"created_at":"2021-10-26T13:21:54Z","updated_at":"2022-10-20T20:04:41Z","private_gists":0,"total_private_repos":1,"owned_private_repos":1,"disk_usage":0,"collaborators":0,"two_factor_authentication":false,"plan":{"name":"free","space":976562499,"collaborators":0,"private_repos":10000}}
[info] 
[info] +  Success! Logged into GitHub as AHP1380 
[info] 
